\BOOKMARK [0][-]{chapter.1}{\376\377\000I\000n\000t\000r\000o\000d\000u\000c\000t\000i\000o\000n}{}% 1
\BOOKMARK [1][-]{section.1.1}{\376\377\000C\000h\000a\000p\000t\000e\000r\000\040\000O\000v\000e\000r\000v\000i\000e\000w}{chapter.1}% 2
\BOOKMARK [1][-]{section.1.2}{\376\377\000P\000r\000o\000j\000e\000c\000t\000\040\000B\000a\000c\000k\000g\000r\000o\000u\000n\000d}{chapter.1}% 3
\BOOKMARK [1][-]{section.1.3}{\376\377\000P\000r\000o\000j\000e\000c\000t\000\040\000O\000v\000e\000r\000v\000i\000e\000w}{chapter.1}% 4
\BOOKMARK [1][-]{section.1.4}{\376\377\000P\000r\000o\000j\000e\000c\000t\000\040\000A\000i\000m\000s\000\040\000\046\000\040\000O\000b\000j\000e\000c\000t\000i\000v\000e\000s}{chapter.1}% 5
\BOOKMARK [1][-]{section.1.5}{\376\377\000L\000i\000m\000i\000t\000a\000t\000i\000o\000n\000s}{chapter.1}% 6
\BOOKMARK [0][-]{chapter.2}{\376\377\000L\000i\000t\000e\000r\000a\000t\000u\000r\000e\000\040\000R\000e\000v\000i\000e\000w}{}% 7
\BOOKMARK [1][-]{section.2.1}{\376\377\000W\000h\000a\000t\000\040\000a\000r\000e\000\040\000b\000a\000s\000i\000c\000\040\000e\000m\000o\000t\000i\000o\000n\000s\000?}{chapter.2}% 8
\BOOKMARK [1][-]{section.2.2}{\376\377\000T\000r\000a\000n\000s\000f\000o\000r\000m\000e\000r\000s}{chapter.2}% 9
\BOOKMARK [2][-]{subsection.2.2.1}{\376\377\000B\000E\000R\000T\000\040\000b\000a\000s\000e\000d\000\040\000m\000o\000d\000e\000l\000s}{section.2.2}% 10
\BOOKMARK [3][-]{subsubsection.2.2.1.1}{\376\377\000R\000o\000B\000E\000R\000T\000a}{subsection.2.2.1}% 11
\BOOKMARK [3][-]{subsubsection.2.2.1.2}{\376\377\000M\000i\000n\000i\000L\000M}{subsection.2.2.1}% 12
\BOOKMARK [2][-]{subsection.2.2.2}{\376\377\000G\000P\000T}{section.2.2}% 13
\BOOKMARK [2][-]{subsection.2.2.3}{\376\377\000L\000l\000a\000m\000a\0002}{section.2.2}% 14
\BOOKMARK [1][-]{section.2.3}{\376\377\000O\000v\000e\000r\000a\000l\000l}{chapter.2}% 15
\BOOKMARK [0][-]{chapter.3}{\376\377\000T\000e\000c\000h\000n\000i\000c\000a\000l\000\040\000R\000e\000v\000i\000e\000w}{}% 16
\BOOKMARK [1][-]{section.3.1}{\376\377\000D\000a\000t\000a\000s\000e\000t}{chapter.3}% 17
\BOOKMARK [1][-]{section.3.2}{\376\377\000M\000e\000t\000h\000o\000d\000s}{chapter.3}% 18
\BOOKMARK [1][-]{section.3.3}{\376\377\000M\000a\000i\000n\000\040\000l\000i\000b\000r\000a\000r\000i\000e\000s}{chapter.3}% 19
\BOOKMARK [1][-]{section.3.4}{\376\377\000L\000o\000a\000d\000i\000n\000g\000\040\000d\000a\000t\000a\000s\000e\000t\000s}{chapter.3}% 20
\BOOKMARK [1][-]{section.3.5}{\376\377\000P\000r\000e\000-\000t\000r\000a\000i\000n\000e\000d\000\040\000M\000o\000d\000e\000l\000s}{chapter.3}% 21
\BOOKMARK [2][-]{subsection.3.5.1}{\376\377\000M\000i\000n\000i\000L\000M}{section.3.5}% 22
\BOOKMARK [2][-]{subsection.3.5.2}{\376\377\000L\000l\000a\000m\000a\0002}{section.3.5}% 23
\BOOKMARK [2][-]{subsection.3.5.3}{\376\377\000R\000o\000B\000E\000R\000T\000a}{section.3.5}% 24
\BOOKMARK [2][-]{subsection.3.5.4}{\376\377\000G\000P\000T\000-\0002}{section.3.5}% 25
\BOOKMARK [1][-]{section.3.6}{\376\377\000M\000e\000t\000r\000i\000c\000s}{chapter.3}% 26
